[0.476s] Invoking command in '/home/prethivi/ros2_ws/pathplanning/src/pathplanning': PYTHONPATH=/home/prethivi/ros2_ws/pathplanning/build/pathplanning/prefix_override:/usr/lib/python3/dist-packages/colcon_core/task/python/colcon_distutils_commands:/home/prethivi/ros2_ws/pathplanning/install/pathplanning/lib/python3.10/site-packages:${PYTHONPATH} /usr/bin/python3 -W ignore:setup.py install is deprecated -W ignore:easy_install command is deprecated setup.py egg_info --egg-base ../../build/pathplanning build --build-base /home/prethivi/ros2_ws/pathplanning/build/pathplanning/build install --record /home/prethivi/ros2_ws/pathplanning/build/pathplanning/install.log --single-version-externally-managed install_data
[0.650s] running egg_info
[0.650s] writing ../../build/pathplanning/pathplanning.egg-info/PKG-INFO
[0.650s] writing dependency_links to ../../build/pathplanning/pathplanning.egg-info/dependency_links.txt
[0.650s] writing entry points to ../../build/pathplanning/pathplanning.egg-info/entry_points.txt
[0.650s] writing requirements to ../../build/pathplanning/pathplanning.egg-info/requires.txt
[0.651s] writing top-level names to ../../build/pathplanning/pathplanning.egg-info/top_level.txt
[0.651s] reading manifest file '../../build/pathplanning/pathplanning.egg-info/SOURCES.txt'
[0.652s] writing manifest file '../../build/pathplanning/pathplanning.egg-info/SOURCES.txt'
[0.652s] running build
[0.653s] running build_py
[0.653s] copying pathplanning/pathplanning.py -> /home/prethivi/ros2_ws/pathplanning/build/pathplanning/build/lib/pathplanning
[0.653s] running install
[0.653s] running install_lib
[0.653s] copying /home/prethivi/ros2_ws/pathplanning/build/pathplanning/build/lib/pathplanning/pathplanning.py -> /home/prethivi/ros2_ws/pathplanning/install/pathplanning/lib/python3.10/site-packages/pathplanning
[0.654s] byte-compiling /home/prethivi/ros2_ws/pathplanning/install/pathplanning/lib/python3.10/site-packages/pathplanning/pathplanning.py to pathplanning.cpython-310.pyc
[0.655s] running install_data
[0.655s] running install_egg_info
[0.657s] removing '/home/prethivi/ros2_ws/pathplanning/install/pathplanning/lib/python3.10/site-packages/pathplanning-0.0.0-py3.10.egg-info' (and everything under it)
[0.657s] Copying ../../build/pathplanning/pathplanning.egg-info to /home/prethivi/ros2_ws/pathplanning/install/pathplanning/lib/python3.10/site-packages/pathplanning-0.0.0-py3.10.egg-info
[0.658s] running install_scripts
[0.673s] Installing path_planning script to /home/prethivi/ros2_ws/pathplanning/install/pathplanning/lib/pathplanning
[0.673s] writing list of installed files to '/home/prethivi/ros2_ws/pathplanning/build/pathplanning/install.log'
[0.690s] Invoked command in '/home/prethivi/ros2_ws/pathplanning/src/pathplanning' returned '0': PYTHONPATH=/home/prethivi/ros2_ws/pathplanning/build/pathplanning/prefix_override:/usr/lib/python3/dist-packages/colcon_core/task/python/colcon_distutils_commands:/home/prethivi/ros2_ws/pathplanning/install/pathplanning/lib/python3.10/site-packages:${PYTHONPATH} /usr/bin/python3 -W ignore:setup.py install is deprecated -W ignore:easy_install command is deprecated setup.py egg_info --egg-base ../../build/pathplanning build --build-base /home/prethivi/ros2_ws/pathplanning/build/pathplanning/build install --record /home/prethivi/ros2_ws/pathplanning/build/pathplanning/install.log --single-version-externally-managed install_data
