[0.458s] Invoking command in '/home/prethivi/ros2_ws/pathplanning/src/pathplanning': PYTHONPATH=/home/prethivi/ros2_ws/pathplanning/build/pathplanning/prefix_override:/usr/lib/python3/dist-packages/colcon_core/task/python/colcon_distutils_commands:/home/prethivi/ros2_ws/pathplanning/install/pathplanning/lib/python3.10/site-packages:${PYTHONPATH} /usr/bin/python3 -W ignore:setup.py install is deprecated -W ignore:easy_install command is deprecated setup.py egg_info --egg-base ../../build/pathplanning build --build-base /home/prethivi/ros2_ws/pathplanning/build/pathplanning/build install --record /home/prethivi/ros2_ws/pathplanning/build/pathplanning/install.log --single-version-externally-managed install_data
[0.629s] running egg_info
[0.629s] creating ../../build/pathplanning/pathplanning.egg-info
[0.629s] writing ../../build/pathplanning/pathplanning.egg-info/PKG-INFO
[0.630s] writing dependency_links to ../../build/pathplanning/pathplanning.egg-info/dependency_links.txt
[0.630s] writing entry points to ../../build/pathplanning/pathplanning.egg-info/entry_points.txt
[0.630s] writing requirements to ../../build/pathplanning/pathplanning.egg-info/requires.txt
[0.630s] writing top-level names to ../../build/pathplanning/pathplanning.egg-info/top_level.txt
[0.630s] writing manifest file '../../build/pathplanning/pathplanning.egg-info/SOURCES.txt'
[0.632s] reading manifest file '../../build/pathplanning/pathplanning.egg-info/SOURCES.txt'
[0.632s] writing manifest file '../../build/pathplanning/pathplanning.egg-info/SOURCES.txt'
[0.632s] running build
[0.632s] running build_py
[0.632s] creating /home/prethivi/ros2_ws/pathplanning/build/pathplanning/build
[0.632s] creating /home/prethivi/ros2_ws/pathplanning/build/pathplanning/build/lib
[0.633s] creating /home/prethivi/ros2_ws/pathplanning/build/pathplanning/build/lib/pathplanning
[0.633s] copying pathplanning/preprocessing_pcd.py -> /home/prethivi/ros2_ws/pathplanning/build/pathplanning/build/lib/pathplanning
[0.633s] copying pathplanning/pathplanning.py -> /home/prethivi/ros2_ws/pathplanning/build/pathplanning/build/lib/pathplanning
[0.633s] copying pathplanning/__init__.py -> /home/prethivi/ros2_ws/pathplanning/build/pathplanning/build/lib/pathplanning
[0.633s] running install
[0.633s] running install_lib
[0.633s] creating /home/prethivi/ros2_ws/pathplanning/install/pathplanning/lib/python3.10/site-packages/pathplanning
[0.633s] copying /home/prethivi/ros2_ws/pathplanning/build/pathplanning/build/lib/pathplanning/preprocessing_pcd.py -> /home/prethivi/ros2_ws/pathplanning/install/pathplanning/lib/python3.10/site-packages/pathplanning
[0.633s] copying /home/prethivi/ros2_ws/pathplanning/build/pathplanning/build/lib/pathplanning/pathplanning.py -> /home/prethivi/ros2_ws/pathplanning/install/pathplanning/lib/python3.10/site-packages/pathplanning
[0.634s] copying /home/prethivi/ros2_ws/pathplanning/build/pathplanning/build/lib/pathplanning/__init__.py -> /home/prethivi/ros2_ws/pathplanning/install/pathplanning/lib/python3.10/site-packages/pathplanning
[0.634s] byte-compiling /home/prethivi/ros2_ws/pathplanning/install/pathplanning/lib/python3.10/site-packages/pathplanning/preprocessing_pcd.py to preprocessing_pcd.cpython-310.pyc
[0.634s] byte-compiling /home/prethivi/ros2_ws/pathplanning/install/pathplanning/lib/python3.10/site-packages/pathplanning/pathplanning.py to pathplanning.cpython-310.pyc
[0.635s] byte-compiling /home/prethivi/ros2_ws/pathplanning/install/pathplanning/lib/python3.10/site-packages/pathplanning/__init__.py to __init__.cpython-310.pyc
[0.635s] running install_data
[0.635s] creating /home/prethivi/ros2_ws/pathplanning/install/pathplanning/share/ament_index
[0.635s] creating /home/prethivi/ros2_ws/pathplanning/install/pathplanning/share/ament_index/resource_index
[0.635s] creating /home/prethivi/ros2_ws/pathplanning/install/pathplanning/share/ament_index/resource_index/packages
[0.635s] copying resource/pathplanning -> /home/prethivi/ros2_ws/pathplanning/install/pathplanning/share/ament_index/resource_index/packages
[0.635s] copying package.xml -> /home/prethivi/ros2_ws/pathplanning/install/pathplanning/share/pathplanning
[0.635s] running install_egg_info
[0.636s] Copying ../../build/pathplanning/pathplanning.egg-info to /home/prethivi/ros2_ws/pathplanning/install/pathplanning/lib/python3.10/site-packages/pathplanning-0.0.0-py3.10.egg-info
[0.637s] running install_scripts
[0.651s] Installing path_planning script to /home/prethivi/ros2_ws/pathplanning/install/pathplanning/lib/pathplanning
[0.651s] writing list of installed files to '/home/prethivi/ros2_ws/pathplanning/build/pathplanning/install.log'
[0.669s] Invoked command in '/home/prethivi/ros2_ws/pathplanning/src/pathplanning' returned '0': PYTHONPATH=/home/prethivi/ros2_ws/pathplanning/build/pathplanning/prefix_override:/usr/lib/python3/dist-packages/colcon_core/task/python/colcon_distutils_commands:/home/prethivi/ros2_ws/pathplanning/install/pathplanning/lib/python3.10/site-packages:${PYTHONPATH} /usr/bin/python3 -W ignore:setup.py install is deprecated -W ignore:easy_install command is deprecated setup.py egg_info --egg-base ../../build/pathplanning build --build-base /home/prethivi/ros2_ws/pathplanning/build/pathplanning/build install --record /home/prethivi/ros2_ws/pathplanning/build/pathplanning/install.log --single-version-externally-managed install_data
