[0.503s] Invoking command in '/home/prethivi/ros2_ws/pathplanning/src/pathplanning': PYTHONPATH=/home/prethivi/ros2_ws/pathplanning/build/pathplanning/prefix_override:/usr/lib/python3/dist-packages/colcon_core/task/python/colcon_distutils_commands:/home/prethivi/ros2_ws/pathplanning/install/pathplanning/lib/python3.10/site-packages:${PYTHONPATH} /usr/bin/python3 -W ignore:setup.py install is deprecated -W ignore:easy_install command is deprecated setup.py egg_info --egg-base ../../build/pathplanning build --build-base /home/prethivi/ros2_ws/pathplanning/build/pathplanning/build install --record /home/prethivi/ros2_ws/pathplanning/build/pathplanning/install.log --single-version-externally-managed install_data
[0.680s] running egg_info
[0.680s] writing ../../build/pathplanning/pathplanning.egg-info/PKG-INFO
[0.680s] writing dependency_links to ../../build/pathplanning/pathplanning.egg-info/dependency_links.txt
[0.680s] writing entry points to ../../build/pathplanning/pathplanning.egg-info/entry_points.txt
[0.680s] writing requirements to ../../build/pathplanning/pathplanning.egg-info/requires.txt
[0.680s] writing top-level names to ../../build/pathplanning/pathplanning.egg-info/top_level.txt
[0.681s] reading manifest file '../../build/pathplanning/pathplanning.egg-info/SOURCES.txt'
[0.682s] writing manifest file '../../build/pathplanning/pathplanning.egg-info/SOURCES.txt'
[0.682s] running build
[0.682s] running build_py
[0.682s] copying pathplanning/pathplanning.py -> /home/prethivi/ros2_ws/pathplanning/build/pathplanning/build/lib/pathplanning
[0.683s] running install
[0.683s] running install_lib
[0.683s] copying /home/prethivi/ros2_ws/pathplanning/build/pathplanning/build/lib/pathplanning/pathplanning.py -> /home/prethivi/ros2_ws/pathplanning/install/pathplanning/lib/python3.10/site-packages/pathplanning
[0.684s] byte-compiling /home/prethivi/ros2_ws/pathplanning/install/pathplanning/lib/python3.10/site-packages/pathplanning/pathplanning.py to pathplanning.cpython-310.pyc
[0.685s] running install_data
[0.685s] running install_egg_info
[0.686s] removing '/home/prethivi/ros2_ws/pathplanning/install/pathplanning/lib/python3.10/site-packages/pathplanning-0.0.0-py3.10.egg-info' (and everything under it)
[0.686s] Copying ../../build/pathplanning/pathplanning.egg-info to /home/prethivi/ros2_ws/pathplanning/install/pathplanning/lib/python3.10/site-packages/pathplanning-0.0.0-py3.10.egg-info
[0.687s] running install_scripts
[0.702s] Installing path_planning script to /home/prethivi/ros2_ws/pathplanning/install/pathplanning/lib/pathplanning
[0.702s] writing list of installed files to '/home/prethivi/ros2_ws/pathplanning/build/pathplanning/install.log'
[0.725s] Invoked command in '/home/prethivi/ros2_ws/pathplanning/src/pathplanning' returned '0': PYTHONPATH=/home/prethivi/ros2_ws/pathplanning/build/pathplanning/prefix_override:/usr/lib/python3/dist-packages/colcon_core/task/python/colcon_distutils_commands:/home/prethivi/ros2_ws/pathplanning/install/pathplanning/lib/python3.10/site-packages:${PYTHONPATH} /usr/bin/python3 -W ignore:setup.py install is deprecated -W ignore:easy_install command is deprecated setup.py egg_info --egg-base ../../build/pathplanning build --build-base /home/prethivi/ros2_ws/pathplanning/build/pathplanning/build install --record /home/prethivi/ros2_ws/pathplanning/build/pathplanning/install.log --single-version-externally-managed install_data
