[0.347s] Invoking command in '/home/prethiviraj/ros2/workspaces/path_planning/src/pathplanning': PYTHONPATH=/home/prethiviraj/ros2/workspaces/path_planning/build/pathplanning/prefix_override:/usr/lib/python3/dist-packages/colcon_core/task/python/colcon_distutils_commands:/home/prethiviraj/ros2/workspaces/path_planning/install/pathplanning/lib/python3.10/site-packages:${PYTHONPATH} /usr/bin/python3 -W ignore:setup.py install is deprecated -W ignore:easy_install command is deprecated setup.py egg_info --egg-base ../../build/pathplanning build --build-base /home/prethiviraj/ros2/workspaces/path_planning/build/pathplanning/build install --record /home/prethiviraj/ros2/workspaces/path_planning/build/pathplanning/install.log --single-version-externally-managed install_data
[0.482s] running egg_info
[0.483s] writing ../../build/pathplanning/pathplanning.egg-info/PKG-INFO
[0.483s] writing dependency_links to ../../build/pathplanning/pathplanning.egg-info/dependency_links.txt
[0.483s] writing entry points to ../../build/pathplanning/pathplanning.egg-info/entry_points.txt
[0.483s] writing requirements to ../../build/pathplanning/pathplanning.egg-info/requires.txt
[0.483s] writing top-level names to ../../build/pathplanning/pathplanning.egg-info/top_level.txt
[0.484s] reading manifest file '../../build/pathplanning/pathplanning.egg-info/SOURCES.txt'
[0.484s] writing manifest file '../../build/pathplanning/pathplanning.egg-info/SOURCES.txt'
[0.484s] running build
[0.484s] running build_py
[0.485s] copying pathplanning/pathplanning.py -> /home/prethiviraj/ros2/workspaces/path_planning/build/pathplanning/build/lib/pathplanning
[0.485s] running install
[0.485s] running install_lib
[0.485s] copying /home/prethiviraj/ros2/workspaces/path_planning/build/pathplanning/build/lib/pathplanning/pathplanning.py -> /home/prethiviraj/ros2/workspaces/path_planning/install/pathplanning/lib/python3.10/site-packages/pathplanning
[0.486s] byte-compiling /home/prethiviraj/ros2/workspaces/path_planning/install/pathplanning/lib/python3.10/site-packages/pathplanning/pathplanning.py to pathplanning.cpython-310.pyc
[0.487s] running install_data
[0.487s] running install_egg_info
[0.488s] removing '/home/prethiviraj/ros2/workspaces/path_planning/install/pathplanning/lib/python3.10/site-packages/pathplanning-0.0.0-py3.10.egg-info' (and everything under it)
[0.488s] Copying ../../build/pathplanning/pathplanning.egg-info to /home/prethiviraj/ros2/workspaces/path_planning/install/pathplanning/lib/python3.10/site-packages/pathplanning-0.0.0-py3.10.egg-info
[0.488s] running install_scripts
[0.500s] Installing path_planning script to /home/prethiviraj/ros2/workspaces/path_planning/install/pathplanning/lib/pathplanning
[0.500s] writing list of installed files to '/home/prethiviraj/ros2/workspaces/path_planning/build/pathplanning/install.log'
[0.513s] Invoked command in '/home/prethiviraj/ros2/workspaces/path_planning/src/pathplanning' returned '0': PYTHONPATH=/home/prethiviraj/ros2/workspaces/path_planning/build/pathplanning/prefix_override:/usr/lib/python3/dist-packages/colcon_core/task/python/colcon_distutils_commands:/home/prethiviraj/ros2/workspaces/path_planning/install/pathplanning/lib/python3.10/site-packages:${PYTHONPATH} /usr/bin/python3 -W ignore:setup.py install is deprecated -W ignore:easy_install command is deprecated setup.py egg_info --egg-base ../../build/pathplanning build --build-base /home/prethiviraj/ros2/workspaces/path_planning/build/pathplanning/build install --record /home/prethiviraj/ros2/workspaces/path_planning/build/pathplanning/install.log --single-version-externally-managed install_data
