[0.072s] DEBUG:colcon:Command line arguments: ['/usr/bin/colcon', 'list', '-p', '--base-paths', '/home/prethiviraj/ros2/workspaces/path_planning']
[0.072s] DEBUG:colcon:Parsed command line arguments: Namespace(log_base=None, log_level=None, verb_name='list', build_base='build', ignore_user_meta=False, metas=['./colcon.meta'], base_paths=['/home/prethiviraj/ros2/workspaces/path_planning'], packages_ignore=None, packages_ignore_regex=None, paths=None, packages_up_to=None, packages_up_to_regex=None, packages_above=None, packages_above_and_dependencies=None, packages_above_depth=None, packages_select_by_dep=None, packages_skip_by_dep=None, packages_skip_up_to=None, packages_select_build_failed=False, packages_skip_build_finished=False, packages_select_test_failures=False, packages_skip_test_passed=False, packages_select=None, packages_skip=None, packages_select_regex=None, packages_skip_regex=None, packages_start=None, packages_end=None, allow_overriding=[], topological_order=False, names_only=False, paths_only=True, topological_graph=False, topological_graph_dot=False, topological_graph_density=False, topological_graph_legend=False, topological_graph_dot_cluster=False, topological_graph_dot_include_skipped=False, mixin_files=None, mixin=None, verb_parser=<colcon_mixin.mixin.mixin_argument.MixinArgumentDecorator object at 0x711021c98a00>, verb_extension=<colcon_package_information.verb.list.ListVerb object at 0x711021c98070>, main=<bound method ListVerb.main of <colcon_package_information.verb.list.ListVerb object at 0x711021c98070>>, mixin_verb=('list',))
[0.210s] Level 1:colcon.colcon_core.package_discovery:discover_packages(colcon_meta) check parameters
[0.210s] Level 1:colcon.colcon_core.package_discovery:discover_packages(recursive) check parameters
[0.210s] Level 1:colcon.colcon_core.package_discovery:discover_packages(ignore) check parameters
[0.210s] Level 1:colcon.colcon_core.package_discovery:discover_packages(path) check parameters
[0.210s] Level 1:colcon.colcon_core.package_discovery:discover_packages(recursive) discover
[0.210s] INFO:colcon.colcon_core.package_discovery:Crawling recursively for packages in '/home/prethiviraj/ros2/workspaces/path_planning'
[0.210s] Level 1:colcon.colcon_core.package_identification:_identify(/home/prethiviraj/ros2/workspaces/path_planning) by extensions ['ignore', 'ignore_ament_install']
[0.210s] Level 1:colcon.colcon_core.package_identification:_identify(/home/prethiviraj/ros2/workspaces/path_planning) by extension 'ignore'
[0.211s] Level 1:colcon.colcon_core.package_identification:_identify(/home/prethiviraj/ros2/workspaces/path_planning) by extension 'ignore_ament_install'
[0.211s] Level 1:colcon.colcon_core.package_identification:_identify(/home/prethiviraj/ros2/workspaces/path_planning) by extensions ['colcon_pkg']
[0.211s] Level 1:colcon.colcon_core.package_identification:_identify(/home/prethiviraj/ros2/workspaces/path_planning) by extension 'colcon_pkg'
[0.211s] Level 1:colcon.colcon_core.package_identification:_identify(/home/prethiviraj/ros2/workspaces/path_planning) by extensions ['colcon_meta']
[0.211s] Level 1:colcon.colcon_core.package_identification:_identify(/home/prethiviraj/ros2/workspaces/path_planning) by extension 'colcon_meta'
[0.211s] Level 1:colcon.colcon_core.package_identification:_identify(/home/prethiviraj/ros2/workspaces/path_planning) by extensions ['ros']
[0.211s] Level 1:colcon.colcon_core.package_identification:_identify(/home/prethiviraj/ros2/workspaces/path_planning) by extension 'ros'
[0.237s] Level 1:colcon.colcon_core.package_identification:_identify(/home/prethiviraj/ros2/workspaces/path_planning) by extensions ['cmake', 'python']
[0.237s] Level 1:colcon.colcon_core.package_identification:_identify(/home/prethiviraj/ros2/workspaces/path_planning) by extension 'cmake'
[0.237s] Level 1:colcon.colcon_core.package_identification:_identify(/home/prethiviraj/ros2/workspaces/path_planning) by extension 'python'
[0.237s] Level 1:colcon.colcon_core.package_identification:_identify(/home/prethiviraj/ros2/workspaces/path_planning) by extensions ['python_setup_py']
[0.237s] Level 1:colcon.colcon_core.package_identification:_identify(/home/prethiviraj/ros2/workspaces/path_planning) by extension 'python_setup_py'
[0.237s] Level 1:colcon.colcon_core.package_identification:_identify(/home/prethiviraj/ros2/workspaces/path_planning/build) by extensions ['ignore', 'ignore_ament_install']
[0.237s] Level 1:colcon.colcon_core.package_identification:_identify(/home/prethiviraj/ros2/workspaces/path_planning/build) by extension 'ignore'
[0.238s] Level 1:colcon.colcon_core.package_identification:_identify(/home/prethiviraj/ros2/workspaces/path_planning/build) ignored
[0.238s] Level 1:colcon.colcon_core.package_identification:_identify(/home/prethiviraj/ros2/workspaces/path_planning/install) by extensions ['ignore', 'ignore_ament_install']
[0.238s] Level 1:colcon.colcon_core.package_identification:_identify(/home/prethiviraj/ros2/workspaces/path_planning/install) by extension 'ignore'
[0.238s] Level 1:colcon.colcon_core.package_identification:_identify(/home/prethiviraj/ros2/workspaces/path_planning/install) ignored
[0.238s] Level 1:colcon.colcon_core.package_identification:_identify(/home/prethiviraj/ros2/workspaces/path_planning/log) by extensions ['ignore', 'ignore_ament_install']
[0.238s] Level 1:colcon.colcon_core.package_identification:_identify(/home/prethiviraj/ros2/workspaces/path_planning/log) by extension 'ignore'
[0.238s] Level 1:colcon.colcon_core.package_identification:_identify(/home/prethiviraj/ros2/workspaces/path_planning/log) ignored
[0.238s] Level 1:colcon.colcon_core.package_identification:_identify(/home/prethiviraj/ros2/workspaces/path_planning/src) by extensions ['ignore', 'ignore_ament_install']
[0.238s] Level 1:colcon.colcon_core.package_identification:_identify(/home/prethiviraj/ros2/workspaces/path_planning/src) by extension 'ignore'
[0.238s] Level 1:colcon.colcon_core.package_identification:_identify(/home/prethiviraj/ros2/workspaces/path_planning/src) by extension 'ignore_ament_install'
[0.238s] Level 1:colcon.colcon_core.package_identification:_identify(/home/prethiviraj/ros2/workspaces/path_planning/src) by extensions ['colcon_pkg']
[0.238s] Level 1:colcon.colcon_core.package_identification:_identify(/home/prethiviraj/ros2/workspaces/path_planning/src) by extension 'colcon_pkg'
[0.238s] Level 1:colcon.colcon_core.package_identification:_identify(/home/prethiviraj/ros2/workspaces/path_planning/src) by extensions ['colcon_meta']
[0.238s] Level 1:colcon.colcon_core.package_identification:_identify(/home/prethiviraj/ros2/workspaces/path_planning/src) by extension 'colcon_meta'
[0.238s] Level 1:colcon.colcon_core.package_identification:_identify(/home/prethiviraj/ros2/workspaces/path_planning/src) by extensions ['ros']
[0.238s] Level 1:colcon.colcon_core.package_identification:_identify(/home/prethiviraj/ros2/workspaces/path_planning/src) by extension 'ros'
[0.238s] Level 1:colcon.colcon_core.package_identification:_identify(/home/prethiviraj/ros2/workspaces/path_planning/src) by extensions ['cmake', 'python']
[0.238s] Level 1:colcon.colcon_core.package_identification:_identify(/home/prethiviraj/ros2/workspaces/path_planning/src) by extension 'cmake'
[0.238s] Level 1:colcon.colcon_core.package_identification:_identify(/home/prethiviraj/ros2/workspaces/path_planning/src) by extension 'python'
[0.238s] Level 1:colcon.colcon_core.package_identification:_identify(/home/prethiviraj/ros2/workspaces/path_planning/src) by extensions ['python_setup_py']
[0.238s] Level 1:colcon.colcon_core.package_identification:_identify(/home/prethiviraj/ros2/workspaces/path_planning/src) by extension 'python_setup_py'
[0.238s] Level 1:colcon.colcon_core.package_identification:_identify(/home/prethiviraj/ros2/workspaces/path_planning/src/pathplanning) by extensions ['ignore', 'ignore_ament_install']
[0.238s] Level 1:colcon.colcon_core.package_identification:_identify(/home/prethiviraj/ros2/workspaces/path_planning/src/pathplanning) by extension 'ignore'
[0.239s] Level 1:colcon.colcon_core.package_identification:_identify(/home/prethiviraj/ros2/workspaces/path_planning/src/pathplanning) by extension 'ignore_ament_install'
[0.239s] Level 1:colcon.colcon_core.package_identification:_identify(/home/prethiviraj/ros2/workspaces/path_planning/src/pathplanning) by extensions ['colcon_pkg']
[0.239s] Level 1:colcon.colcon_core.package_identification:_identify(/home/prethiviraj/ros2/workspaces/path_planning/src/pathplanning) by extension 'colcon_pkg'
[0.239s] Level 1:colcon.colcon_core.package_identification:_identify(/home/prethiviraj/ros2/workspaces/path_planning/src/pathplanning) by extensions ['colcon_meta']
[0.239s] Level 1:colcon.colcon_core.package_identification:_identify(/home/prethiviraj/ros2/workspaces/path_planning/src/pathplanning) by extension 'colcon_meta'
[0.239s] Level 1:colcon.colcon_core.package_identification:_identify(/home/prethiviraj/ros2/workspaces/path_planning/src/pathplanning) by extensions ['ros']
[0.239s] Level 1:colcon.colcon_core.package_identification:_identify(/home/prethiviraj/ros2/workspaces/path_planning/src/pathplanning) by extension 'ros'
[0.240s] DEBUG:colcon.colcon_core.package_identification:Package '/home/prethiviraj/ros2/workspaces/path_planning/src/pathplanning' with type 'ros.ament_python' and name 'pathplanning'
[0.241s] Level 1:colcon.colcon_core.package_discovery:discover_packages(recursive) using defaults
