[0.516s] Invoking command in '/home/prethivi/ros2_ws/pathplanning/src/pathplanning': PYTHONPATH=/home/prethivi/ros2_ws/pathplanning/build/pathplanning/prefix_override:/usr/lib/python3/dist-packages/colcon_core/task/python/colcon_distutils_commands:/home/prethivi/ros2_ws/pathplanning/install/pathplanning/lib/python3.10/site-packages:${PYTHONPATH} /usr/bin/python3 -W ignore:setup.py install is deprecated -W ignore:easy_install command is deprecated setup.py egg_info --egg-base ../../build/pathplanning build --build-base /home/prethivi/ros2_ws/pathplanning/build/pathplanning/build install --record /home/prethivi/ros2_ws/pathplanning/build/pathplanning/install.log --single-version-externally-managed install_data
[0.692s] running egg_info
[0.692s] writing ../../build/pathplanning/pathplanning.egg-info/PKG-INFO
[0.693s] writing dependency_links to ../../build/pathplanning/pathplanning.egg-info/dependency_links.txt
[0.693s] writing entry points to ../../build/pathplanning/pathplanning.egg-info/entry_points.txt
[0.693s] writing requirements to ../../build/pathplanning/pathplanning.egg-info/requires.txt
[0.693s] writing top-level names to ../../build/pathplanning/pathplanning.egg-info/top_level.txt
[0.694s] reading manifest file '../../build/pathplanning/pathplanning.egg-info/SOURCES.txt'
[0.694s] writing manifest file '../../build/pathplanning/pathplanning.egg-info/SOURCES.txt'
[0.695s] running build
[0.695s] running build_py
[0.695s] copying pathplanning/pathplanning.py -> /home/prethivi/ros2_ws/pathplanning/build/pathplanning/build/lib/pathplanning
[0.695s] running install
[0.695s] running install_lib
[0.696s] copying /home/prethivi/ros2_ws/pathplanning/build/pathplanning/build/lib/pathplanning/pathplanning.py -> /home/prethivi/ros2_ws/pathplanning/install/pathplanning/lib/python3.10/site-packages/pathplanning
[0.696s] byte-compiling /home/prethivi/ros2_ws/pathplanning/install/pathplanning/lib/python3.10/site-packages/pathplanning/pathplanning.py to pathplanning.cpython-310.pyc
[0.698s] running install_data
[0.698s] running install_egg_info
[0.699s] removing '/home/prethivi/ros2_ws/pathplanning/install/pathplanning/lib/python3.10/site-packages/pathplanning-0.0.0-py3.10.egg-info' (and everything under it)
[0.699s] Copying ../../build/pathplanning/pathplanning.egg-info to /home/prethivi/ros2_ws/pathplanning/install/pathplanning/lib/python3.10/site-packages/pathplanning-0.0.0-py3.10.egg-info
[0.700s] running install_scripts
[0.716s] Installing path_planning script to /home/prethivi/ros2_ws/pathplanning/install/pathplanning/lib/pathplanning
[0.716s] writing list of installed files to '/home/prethivi/ros2_ws/pathplanning/build/pathplanning/install.log'
[0.742s] Invoked command in '/home/prethivi/ros2_ws/pathplanning/src/pathplanning' returned '0': PYTHONPATH=/home/prethivi/ros2_ws/pathplanning/build/pathplanning/prefix_override:/usr/lib/python3/dist-packages/colcon_core/task/python/colcon_distutils_commands:/home/prethivi/ros2_ws/pathplanning/install/pathplanning/lib/python3.10/site-packages:${PYTHONPATH} /usr/bin/python3 -W ignore:setup.py install is deprecated -W ignore:easy_install command is deprecated setup.py egg_info --egg-base ../../build/pathplanning build --build-base /home/prethivi/ros2_ws/pathplanning/build/pathplanning/build install --record /home/prethivi/ros2_ws/pathplanning/build/pathplanning/install.log --single-version-externally-managed install_data
